05/03/2019 07:46:00 devpinoyLogger Chrome browser is launched successfully
05/03/2019 07:46:01 devpinoyLogger https://tc210.resdesktop.altea.amadeus.com/app_ard/apf/init/login?LANGUAGE=GB&SITE=ETFPETFP&MARKETS=ARDW_PROD_LP_INTER&event=LOGIN_LOGOUTis launched successfully
05/03/2019 07:46:01 devpinoyLogger Application launched successfully
05/03/2019 07:46:01 devpinoyLogger LoginBtn_css is failed to identify
05/03/2019 07:46:01 devpinoyLogger LoginBtn_cssis not clickable and  the error is java.lang.NullPointerException
05/03/2019 07:46:01 devpinoyLogger UserName_css is failed to identify
05/03/2019 07:46:01 devpinoyLogger Failed to enter Text inUserName_css
java.lang.NullPointerException
	at Functions.ReUsableFunctions.type(ReUsableFunctions.java:173)
	at Functions.ReUsableFunctions.BraathensARDLogin(ReUsableFunctions.java:194)
	at TestPack.Browser.launchBrowser(Browser.java:22)
	at sun.reflect.NativeMethodAccessorImpl.invoke0(Native Method)
	at sun.reflect.NativeMethodAccessorImpl.invoke(Unknown Source)
	at sun.reflect.DelegatingMethodAccessorImpl.invoke(Unknown Source)
	at java.lang.reflect.Method.invoke(Unknown Source)
	at org.testng.internal.MethodInvocationHelper.invokeMethod(MethodInvocationHelper.java:86)
	at org.testng.internal.Invoker.invokeMethod(Invoker.java:645)
	at org.testng.internal.Invoker.invokeTestMethod(Invoker.java:822)
	at org.testng.internal.Invoker.invokeTestMethods(Invoker.java:1130)
	at org.testng.internal.TestMethodWorker.invokeTestMethods(TestMethodWorker.java:129)
	at org.testng.internal.TestMethodWorker.run(TestMethodWorker.java:112)
	at org.testng.TestRunner.privateRun(TestRunner.java:782)
	at org.testng.TestRunner.run(TestRunner.java:632)
	at org.testng.SuiteRunner.runTest(SuiteRunner.java:366)
	at org.testng.SuiteRunner.runSequentially(SuiteRunner.java:361)
	at org.testng.SuiteRunner.privateRun(SuiteRunner.java:319)
	at org.testng.SuiteRunner.run(SuiteRunner.java:268)
	at org.testng.SuiteRunnerWorker.runSuite(SuiteRunnerWorker.java:52)
	at org.testng.SuiteRunnerWorker.run(SuiteRunnerWorker.java:86)
	at org.testng.TestNG.runSuitesSequentially(TestNG.java:1244)
	at org.testng.TestNG.runSuitesLocally(TestNG.java:1169)
	at org.testng.TestNG.run(TestNG.java:1064)
	at org.testng.remote.RemoteTestNG.run(RemoteTestNG.java:113)
	at org.testng.remote.RemoteTestNG.initAndRun(RemoteTestNG.java:206)
	at org.testng.remote.RemoteTestNG.main(RemoteTestNG.java:177)
05/03/2019 07:46:01 devpinoyLogger Password_css is failed to identify
05/03/2019 07:46:01 devpinoyLogger Failed to enter Text inPassword_css
java.lang.NullPointerException
	at Functions.ReUsableFunctions.type(ReUsableFunctions.java:173)
	at Functions.ReUsableFunctions.BraathensARDLogin(ReUsableFunctions.java:195)
	at TestPack.Browser.launchBrowser(Browser.java:22)
	at sun.reflect.NativeMethodAccessorImpl.invoke0(Native Method)
	at sun.reflect.NativeMethodAccessorImpl.invoke(Unknown Source)
	at sun.reflect.DelegatingMethodAccessorImpl.invoke(Unknown Source)
	at java.lang.reflect.Method.invoke(Unknown Source)
	at org.testng.internal.MethodInvocationHelper.invokeMethod(MethodInvocationHelper.java:86)
	at org.testng.internal.Invoker.invokeMethod(Invoker.java:645)
	at org.testng.internal.Invoker.invokeTestMethod(Invoker.java:822)
	at org.testng.internal.Invoker.invokeTestMethods(Invoker.java:1130)
	at org.testng.internal.TestMethodWorker.invokeTestMethods(TestMethodWorker.java:129)
	at org.testng.internal.TestMethodWorker.run(TestMethodWorker.java:112)
	at org.testng.TestRunner.privateRun(TestRunner.java:782)
	at org.testng.TestRunner.run(TestRunner.java:632)
	at org.testng.SuiteRunner.runTest(SuiteRunner.java:366)
	at org.testng.SuiteRunner.runSequentially(SuiteRunner.java:361)
	at org.testng.SuiteRunner.privateRun(SuiteRunner.java:319)
	at org.testng.SuiteRunner.run(SuiteRunner.java:268)
	at org.testng.SuiteRunnerWorker.runSuite(SuiteRunnerWorker.java:52)
	at org.testng.SuiteRunnerWorker.run(SuiteRunnerWorker.java:86)
	at org.testng.TestNG.runSuitesSequentially(TestNG.java:1244)
	at org.testng.TestNG.runSuitesLocally(TestNG.java:1169)
	at org.testng.TestNG.run(TestNG.java:1064)
	at org.testng.remote.RemoteTestNG.run(RemoteTestNG.java:113)
	at org.testng.remote.RemoteTestNG.initAndRun(RemoteTestNG.java:206)
	at org.testng.remote.RemoteTestNG.main(RemoteTestNG.java:177)
05/03/2019 07:46:01 devpinoyLogger DefaultOffice_name is failed to identify
05/03/2019 07:46:01 devpinoyLogger DefaultOffice_nameis failed to click and the error is java.lang.NullPointerException
05/03/2019 07:46:01 devpinoyLogger Default office un checked
05/03/2019 07:46:07 devpinoyLogger LoginBtn_css is failed to identify
05/03/2019 07:46:07 devpinoyLogger LoginBtn_cssis failed to click and the error is java.lang.NullPointerException
05/03/2019 07:46:07 devpinoyLogger OfficeIddropdown_css is failed to identify
05/03/2019 07:46:07 devpinoyLogger OfficeIddropdown_cssis not clickable and  the error is java.lang.NullPointerException
05/03/2019 07:46:07 devpinoyLogger OfficeIddropdown_css is failed to identify
05/03/2019 07:47:50 devpinoyLogger Chrome browser is launched successfully
05/03/2019 07:47:51 devpinoyLogger https://tc210.resdesktop.altea.amadeus.com/app_ard/apf/init/login?LANGUAGE=GB&SITE=ETFPETFP&MARKETS=ARDW_PROD_LP_INTER&event=LOGIN_LOGOUTis launched successfully
05/03/2019 07:47:51 devpinoyLogger Application launched successfully
05/03/2019 07:47:52 devpinoyLogger Entered Text into UserName_csssuccessfully
05/03/2019 07:47:52 devpinoyLogger Entered Text into Password_csssuccessfully
05/03/2019 07:47:52 devpinoyLogger DefaultOffice_name is clicked successfully
05/03/2019 07:47:52 devpinoyLogger Default office un checked
05/03/2019 07:47:58 devpinoyLogger LoginBtn_css is clicked successfully
05/03/2019 07:48:03 devpinoyLogger OfficeIddropdown_css is failed to identify
05/03/2019 07:48:03 devpinoyLogger OfficeIddropdown_cssis not clickable and  the error is java.lang.NullPointerException
05/03/2019 07:48:49 devpinoyLogger Chrome browser is launched successfully
05/03/2019 07:48:50 devpinoyLogger https://tc210.resdesktop.altea.amadeus.com/app_ard/apf/init/login?LANGUAGE=GB&SITE=ETFPETFP&MARKETS=ARDW_PROD_LP_INTER&event=LOGIN_LOGOUTis launched successfully
05/03/2019 07:48:50 devpinoyLogger Application launched successfully
05/03/2019 07:48:51 devpinoyLogger Entered Text into UserName_csssuccessfully
05/03/2019 07:48:51 devpinoyLogger Entered Text into Password_csssuccessfully
05/03/2019 07:48:51 devpinoyLogger DefaultOffice_name is clicked successfully
05/03/2019 07:48:51 devpinoyLogger Default office un checked
05/03/2019 07:48:57 devpinoyLogger LoginBtn_css is clicked successfully
05/03/2019 07:49:07 devpinoyLogger LoginBtnInpopUp_css is clicked successfully
05/03/2019 07:49:43 devpinoyLogger Chrome browser is launched successfully
05/03/2019 07:49:44 devpinoyLogger https://tc210.resdesktop.altea.amadeus.com/app_ard/apf/init/login?LANGUAGE=GB&SITE=ETFPETFP&MARKETS=ARDW_PROD_LP_INTER&event=LOGIN_LOGOUTis launched successfully
05/03/2019 07:49:44 devpinoyLogger Application launched successfully
05/03/2019 07:49:45 devpinoyLogger Entered Text into UserName_csssuccessfully
05/03/2019 07:49:45 devpinoyLogger Entered Text into Password_csssuccessfully
05/03/2019 07:49:45 devpinoyLogger DefaultOffice_name is clicked successfully
05/03/2019 07:49:45 devpinoyLogger Default office un checked
05/03/2019 07:49:51 devpinoyLogger LoginBtn_css is clicked successfully
05/03/2019 07:50:01 devpinoyLogger LoginBtnInpopUp_css is clicked successfully
05/03/2019 07:51:36 devpinoyLogger Login successful
05/03/2019 08:43:13 devpinoyLogger Chrome browser is launched successfully
05/03/2019 08:43:15 devpinoyLogger https://tc210.resdesktop.altea.amadeus.com/app_ard/apf/init/login?LANGUAGE=GB&SITE=ETFPETFP&MARKETS=ARDW_PROD_LP_INTER&event=LOGIN_LOGOUTis launched successfully
05/03/2019 08:43:15 devpinoyLogger Application launched successfully
05/03/2019 08:43:15 devpinoyLogger Entered Text into UserName_csssuccessfully
05/03/2019 08:43:15 devpinoyLogger Entered Text into Password_csssuccessfully
05/03/2019 08:43:16 devpinoyLogger DefaultOffice_name is clicked successfully
05/03/2019 08:43:16 devpinoyLogger Default office un checked
05/03/2019 08:43:22 devpinoyLogger LoginBtn_css is clicked successfully
05/03/2019 08:43:31 devpinoyLogger LoginBtnInpopUp_css is clicked successfully
05/03/2019 08:45:06 devpinoyLogger Login successful
